[19:32:47] [main/INFO]: Setting user: Player718
[19:32:48] [Client thread/INFO]: LWJGL Version: 2.9.1
[19:32:50] [Client thread/INFO]: Reloading ResourceManager: Default, FMLFileResourcePack:Forge Mod Loader, FMLFileResourcePack:Minecraft Forge, FMLFileResourcePack:iGoodie's Worldgen
[19:32:51] [Sound Library Loader/INFO]: Sound engine started
[19:32:52] [Client thread/INFO]: Created: 512x256 textures/blocks-atlas
[19:32:52] [Client thread/INFO]: Created: 256x256 textures/items-atlas
[19:32:52] [Client thread/INFO]: Reloading ResourceManager: Default, FMLFileResourcePack:Forge Mod Loader, FMLFileResourcePack:Minecraft Forge, FMLFileResourcePack:iGoodie's Worldgen
[19:32:52] [Client thread/INFO]: Created: 256x256 textures/items-atlas
[19:32:52] [Client thread/INFO]: Created: 512x256 textures/blocks-atlas
[19:32:53] [Sound Library Loader/INFO]: Sound engine started
[19:32:56] [Server thread/INFO]: Starting integrated minecraft server version 1.7.10
[19:32:56] [Server thread/INFO]: Generating keypair
[19:32:56] [Server thread/INFO]: Preparing start region for level 0
[19:32:57] [Server thread/INFO]: Changing view distance to 12, from 10
[19:32:57] [Server thread/INFO]: Player718[local:E:6dc64f3e] logged in with entity id 220 at (-146.88330023832887, 4.0, 14.324544073347358)
[19:32:57] [Server thread/INFO]: Player718 joined the game
[19:32:58] [Server thread/INFO]: Player718 has just earned the achievement [Taking Inventory]
[19:32:58] [Client thread/INFO]: [CHAT] Player718 has just earned the achievement [Taking Inventory]
[19:33:01] [Client thread/INFO]: Stopping!
[19:33:01] [Server thread/INFO]: Stopping server
[19:33:01] [Server thread/INFO]: Saving players
[19:33:01] [Server thread/INFO]: Saving worlds
[19:33:01] [Server thread/INFO]: Saving chunks for level 'New World'/Overworld
[19:33:02] [Server thread/INFO]: Saving chunks for level 'New World'/Nether
[19:33:02] [Server thread/INFO]: Saving chunks for level 'New World'/The End
[19:34:29] [main/INFO]: Setting user: Player142
